14:58:34, October 20, 2018    MP(Read): 0xf0, 0x06, 0x00, 0x00, 0x00, 0x00, 0x00, 0x00, 0x00, 0x00, 0x00, 0x01, 0x00, 0x00, 0x00, 0x00 
14:58:34, October 20, 2018    MP(Read): 0xf0, 0x03, 0x00, 0x00, 0x00, 0x00, 0x00, 0x00, 0x00, 0x00, 0x00, 0x01, 0x00, 0x00, 0x00, 0x00 
14:58:34, October 20, 2018    MP(Read): 0xf0, 0x04, 0xf8, 0x00, 0x00, 0x00, 0x00, 0x00, 0x00, 0x00, 0x00, 0x03, 0x00, 0x00, 0x00, 0x00 
14:58:34, October 20, 2018    MP(Read): 0xf0, 0x06, 0x00, 0x00, 0x00, 0x00, 0x00, 0x00, 0x00, 0x00, 0x00, 0x01, 0x00, 0x00, 0x00, 0x00 
14:58:34, October 20, 2018    MP(Read): 0xf0, 0x03, 0x00, 0x00, 0x00, 0x00, 0x00, 0x00, 0x00, 0x00, 0x00, 0x01, 0x00, 0x00, 0x00, 0x00 
14:58:34, October 20, 2018    MP(Read): 0xf0, 0x04, 0xf8, 0x00, 0x00, 0x00, 0x00, 0x00, 0x00, 0x00, 0x00, 0x03, 0x00, 0x00, 0x00, 0x00 
14:58:34, October 20, 2018    MP(Read): 0xf0, 0x04, 0xff, 0x00, 0x00, 0x00, 0x00, 0x00, 0x00, 0x00, 0x00, 0x03, 0x00, 0x00, 0x00, 0x00 
14:58:34, October 20, 2018    MP(Read): 0xf0, 0x04, 0xf8, 0x00, 0x00, 0x00, 0x00, 0x00, 0x00, 0x00, 0x00, 0x03, 0x00, 0x00, 0x00, 0x00 
14:58:34, October 20, 2018    MP(Read): 0xf0, 0x2a, 0x00, 0x00, 0x00, 0x00, 0x00, 0x00, 0x00, 0x00, 0x00, 0x01, 0x00, 0x00, 0x00, 0x00 
14:58:34, October 20, 2018    MP(Read): 0xf0, 0x06, 0x00, 0x00, 0x00, 0x00, 0x00, 0x00, 0x00, 0x00, 0x00, 0x01, 0x00, 0x00, 0x00, 0x00 
14:58:34, October 20, 2018    MP(Read): 0xf0, 0x03, 0x00, 0x00, 0x00, 0x00, 0x00, 0x00, 0x00, 0x00, 0x00, 0x01, 0x00, 0x00, 0x00, 0x00 
14:58:34, October 20, 2018    MP(Read): 0xf0, 0x04, 0xf8, 0x00, 0x00, 0x00, 0x00, 0x00, 0x00, 0x00, 0x00, 0x03, 0x00, 0x00, 0x00, 0x00 
14:58:34, October 20, 2018    MP(Read): 0xf0, 0x04, 0xff, 0x00, 0x00, 0x00, 0x00, 0x00, 0x00, 0x00, 0x00, 0x03, 0x00, 0x00, 0x00, 0x00 
14:58:34, October 20, 2018    MP(Read): 0xf0, 0x04, 0xf8, 0x00, 0x00, 0x00, 0x00, 0x00, 0x00, 0x00, 0x00, 0x03, 0x00, 0x00, 0x00, 0x00 
14:58:34, October 20, 2018    MP(Read): 0xf0, 0x04, 0xff, 0x00, 0x00, 0x00, 0x00, 0x00, 0x00, 0x00, 0x00, 0x03, 0x00, 0x00, 0x00, 0x00 
14:58:34, October 20, 2018    MP(Read): 0xf0, 0x04, 0xf8, 0x00, 0x00, 0x00, 0x00, 0x00, 0x00, 0x00, 0x00, 0x03, 0x00, 0x00, 0x00, 0x00 
14:58:34, October 20, 2018    MP(Read): 0xf0, 0x04, 0xf8, 0x00, 0x00, 0x00, 0x00, 0x00, 0x00, 0x00, 0x00, 0x03, 0x00, 0x00, 0x00, 0x00 
14:58:34, October 20, 2018    MP(Read): 0xf0, 0x05, 0x00, 0x00, 0x00, 0x00, 0x55, 0x00, 0x00, 0x00, 0x00, 0x00, 0x00, 0x00, 0x00, 0x00 
14:58:34, October 20, 2018    MP(Read): 0xf0, 0x06, 0x00, 0x00, 0x00, 0x00, 0x00, 0x00, 0x00, 0x00, 0x00, 0x01, 0x00, 0x00, 0x00, 0x00 
14:58:34, October 20, 2018    MP(Read): 0xf0, 0x03, 0x00, 0x00, 0x00, 0x00, 0x00, 0x00, 0x00, 0x00, 0x00, 0x01, 0x00, 0x00, 0x00, 0x00 
14:58:34, October 20, 2018    MP(Read): 0xf0, 0x04, 0xf8, 0x00, 0x00, 0x00, 0x00, 0x00, 0x00, 0x00, 0x00, 0x03, 0x00, 0x00, 0x00, 0x00 
14:58:34, October 20, 2018    MP(Write): 0xf1, 0x04, 0xd4, 0x00, 0x00, 0x00, 0x00, 0x00, 0x00, 0x00, 0x00, 0x01, 0x00, 0x00, 0x00, 0x00 
14:58:34, October 20, 2018    MP(Write): 0xf1, 0x04, 0xc0, 0x00, 0x00, 0x00, 0x00, 0x00, 0x00, 0x00, 0x00, 0x01, 0x00, 0x00, 0x00, 0x00 
17:08:28, October 20, 2018    MP(Write): 0xf1, 0x0a, 0xd0, 0x00, 0x00, 0x00, 0x00, 0x00, 0x00, 0x00, 0x00, 0x04, 0x00, 0x00, 0x00, 0x00 
17:08:37, October 20, 2018    MP(Read): 0x0, 0x00, 0x00, 0x00, 0x00, 0x00, 0x00, 0x00, 0x00, 0x00, 0x00, 0x00, 0x00, 0x00, 0x00, 0x00 
17:08:37, October 20, 2018    MP(Read): 0xf0, 0x06, 0x00, 0x00, 0x00, 0x00, 0x00, 0x00, 0x00, 0x00, 0x00, 0x01, 0x00, 0x00, 0x00, 0x00 
17:08:37, October 20, 2018    MP(Read): 0xf0, 0x03, 0x00, 0x00, 0x00, 0x00, 0x00, 0x00, 0x00, 0x00, 0x00, 0x01, 0x00, 0x00, 0x00, 0x00 
17:08:37, October 20, 2018    MP(Read): 0xf0, 0x04, 0xf8, 0x00, 0x00, 0x00, 0x00, 0x00, 0x00, 0x00, 0x00, 0x03, 0x00, 0x00, 0x00, 0x00 
17:08:37, October 20, 2018    MP(Read): 0xf0, 0x06, 0x00, 0x00, 0x00, 0x00, 0x00, 0x00, 0x00, 0x00, 0x00, 0x01, 0x00, 0x00, 0x00, 0x00 
17:08:37, October 20, 2018    MP(Read): 0xf0, 0x03, 0x00, 0x00, 0x00, 0x00, 0x00, 0x00, 0x00, 0x00, 0x00, 0x01, 0x00, 0x00, 0x00, 0x00 
17:08:37, October 20, 2018    MP(Read): 0xf0, 0x04, 0xf8, 0x00, 0x00, 0x00, 0x00, 0x00, 0x00, 0x00, 0x00, 0x03, 0x00, 0x00, 0x00, 0x00 
17:08:37, October 20, 2018    MP(Read): 0xf0, 0x04, 0xff, 0x00, 0x00, 0x00, 0x00, 0x00, 0x00, 0x00, 0x00, 0x03, 0x00, 0x00, 0x00, 0x00 
17:08:37, October 20, 2018    MP(Read): 0xf0, 0x04, 0xf8, 0x00, 0x00, 0x00, 0x00, 0x00, 0x00, 0x00, 0x00, 0x03, 0x00, 0x00, 0x00, 0x00 
17:08:37, October 20, 2018    MP(Read): 0xf0, 0x04, 0xf8, 0x00, 0x00, 0x00, 0x00, 0x00, 0x00, 0x00, 0x00, 0x03, 0x00, 0x00, 0x00, 0x00 
17:08:37, October 20, 2018    MP(Read): 0xf0, 0x06, 0x00, 0x00, 0x00, 0x00, 0x00, 0x00, 0x00, 0x00, 0x00, 0x01, 0x00, 0x00, 0x00, 0x00 
17:08:37, October 20, 2018    MP(Read): 0xf0, 0x03, 0x00, 0x00, 0x00, 0x00, 0x00, 0x00, 0x00, 0x00, 0x00, 0x01, 0x00, 0x00, 0x00, 0x00 
17:08:37, October 20, 2018    MP(Read): 0xf0, 0x04, 0xf8, 0x00, 0x00, 0x00, 0x00, 0x00, 0x00, 0x00, 0x00, 0x03, 0x00, 0x00, 0x00, 0x00 
17:08:37, October 20, 2018    MP(Read): 0xf0, 0x04, 0xf8, 0x00, 0x00, 0x00, 0x00, 0x00, 0x00, 0x00, 0x00, 0x03, 0x00, 0x00, 0x00, 0x00 
17:08:37, October 20, 2018    MP(Read): 0xf0, 0x03, 0x00, 0x00, 0x00, 0x00, 0x00, 0x00, 0x00, 0x00, 0x00, 0x01, 0x00, 0x00, 0x00, 0x00 
17:08:37, October 20, 2018    MP(Read): 0xf0, 0x04, 0xfa, 0x00, 0x00, 0x00, 0x00, 0x00, 0x00, 0x00, 0x00, 0x03, 0x00, 0x00, 0x00, 0x00 
17:08:37, October 20, 2018    MP(Read): 0xf0, 0x04, 0xf8, 0x00, 0x00, 0x00, 0x00, 0x00, 0x00, 0x00, 0x00, 0x03, 0x00, 0x00, 0x00, 0x00 
17:08:37, October 20, 2018    MP(Read): 0xf0, 0x06, 0x00, 0x00, 0x00, 0x00, 0x00, 0x00, 0x00, 0x00, 0x00, 0x01, 0x00, 0x00, 0x00, 0x00 
17:08:37, October 20, 2018    MP(Read): 0xf0, 0x03, 0x00, 0x00, 0x00, 0x00, 0x00, 0x00, 0x00, 0x00, 0x00, 0x01, 0x00, 0x00, 0x00, 0x00 
17:08:37, October 20, 2018    MP(Read): 0xf0, 0x04, 0xf8, 0x00, 0x00, 0x00, 0x00, 0x00, 0x00, 0x00, 0x00, 0x03, 0x00, 0x00, 0x00, 0x00 
17:08:37, October 20, 2018    MP(Read): 0xf0, 0x04, 0xf8, 0x00, 0x00, 0x00, 0x00, 0x00, 0x00, 0x00, 0x00, 0x03, 0x00, 0x00, 0x00, 0x00 
17:08:37, October 20, 2018    MP(Read): 0xf0, 0x04, 0xf8, 0x00, 0x00, 0x00, 0x00, 0x00, 0x00, 0x00, 0x00, 0x03, 0x00, 0x00, 0x00, 0x00 
17:08:37, October 20, 2018    MP(Read): 0xf0, 0x06, 0x00, 0x00, 0x00, 0x00, 0x00, 0x00, 0x00, 0x00, 0x00, 0x01, 0x00, 0x00, 0x00, 0x00 
17:08:37, October 20, 2018    MP(Read): 0xf0, 0x03, 0x00, 0x00, 0x00, 0x00, 0x00, 0x00, 0x00, 0x00, 0x00, 0x01, 0x00, 0x00, 0x00, 0x00 
17:08:37, October 20, 2018    MP(Read): 0xf0, 0x04, 0xf8, 0x00, 0x00, 0x00, 0x00, 0x00, 0x00, 0x00, 0x00, 0x03, 0x00, 0x00, 0x00, 0x00 
17:08:37, October 20, 2018    MP(Read): 0xf0, 0x04, 0xf8, 0x00, 0x00, 0x00, 0x00, 0x00, 0x00, 0x00, 0x00, 0x03, 0x00, 0x00, 0x00, 0x00 
17:08:37, October 20, 2018    MP(Read): 0xf0, 0x03, 0x00, 0x00, 0x00, 0x00, 0x00, 0x00, 0x00, 0x00, 0x00, 0x01, 0x00, 0x00, 0x00, 0x00 
17:08:37, October 20, 2018    MP(Read): 0xf0, 0x04, 0xfa, 0x00, 0x00, 0x00, 0x00, 0x00, 0x00, 0x00, 0x00, 0x03, 0x00, 0x00, 0x00, 0x00 
17:08:37, October 20, 2018    MP(Read): 0xf0, 0x06, 0x00, 0x00, 0x00, 0x00, 0x00, 0x00, 0x00, 0x00, 0x00, 0x01, 0x00, 0x00, 0x00, 0x00 
17:08:37, October 20, 2018    MP(Read): 0xf0, 0x03, 0x00, 0x00, 0x00, 0x00, 0x00, 0x00, 0x00, 0x00, 0x00, 0x01, 0x00, 0x00, 0x00, 0x00 
17:08:37, October 20, 2018    MP(Read): 0xf0, 0x04, 0xf8, 0x00, 0x00, 0x00, 0x00, 0x00, 0x00, 0x00, 0x00, 0x03, 0x00, 0x00, 0x00, 0x00 
17:08:37, October 20, 2018    MP(Read): 0xf0, 0x04, 0xff, 0x00, 0x00, 0x00, 0x00, 0x00, 0x00, 0x00, 0x00, 0x03, 0x00, 0x00, 0x00, 0x00 
17:08:37, October 20, 2018    MP(Read): 0xf0, 0x04, 0xf8, 0x00, 0x00, 0x00, 0x00, 0x00, 0x00, 0x00, 0x00, 0x03, 0x00, 0x00, 0x00, 0x00 
17:08:39, October 20, 2018    MP(Write): 0xf1, 0x0a, 0xd0, 0x00, 0x00, 0x00, 0x00, 0x00, 0x00, 0x00, 0x00, 0x04, 0x00, 0x00, 0x00, 0x00 
17:08:49, October 20, 2018    MP(Read): 0x0, 0x00, 0x00, 0x00, 0x00, 0x00, 0x00, 0x00, 0x00, 0x00, 0x00, 0x00, 0x00, 0x00, 0x00, 0x00 
17:08:49, October 20, 2018    MP(Read): 0xf0, 0x06, 0x00, 0x00, 0x00, 0x00, 0x00, 0x00, 0x00, 0x00, 0x00, 0x01, 0x00, 0x00, 0x00, 0x00 
17:08:49, October 20, 2018    MP(Read): 0xf0, 0x03, 0x00, 0x00, 0x00, 0x00, 0x00, 0x00, 0x00, 0x00, 0x00, 0x01, 0x00, 0x00, 0x00, 0x00 
17:08:49, October 20, 2018    MP(Read): 0xf0, 0x04, 0xf8, 0x00, 0x00, 0x00, 0x00, 0x00, 0x00, 0x00, 0x00, 0x03, 0x00, 0x00, 0x00, 0x00 
17:08:49, October 20, 2018    MP(Read): 0xf0, 0x06, 0x00, 0x00, 0x00, 0x00, 0x00, 0x00, 0x00, 0x00, 0x00, 0x01, 0x00, 0x00, 0x00, 0x00 
17:08:49, October 20, 2018    MP(Read): 0xf0, 0x03, 0x00, 0x00, 0x00, 0x00, 0x00, 0x00, 0x00, 0x00, 0x00, 0x01, 0x00, 0x00, 0x00, 0x00 
17:08:49, October 20, 2018    MP(Read): 0xf0, 0x04, 0xf8, 0x00, 0x00, 0x00, 0x00, 0x00, 0x00, 0x00, 0x00, 0x03, 0x00, 0x00, 0x00, 0x00 
17:08:49, October 20, 2018    MP(Read): 0xf0, 0x06, 0x00, 0x00, 0x00, 0x00, 0x00, 0x00, 0x00, 0x00, 0x00, 0x01, 0x00, 0x00, 0x00, 0x00 
17:08:49, October 20, 2018    MP(Read): 0xf0, 0x03, 0x00, 0x00, 0x00, 0x00, 0x00, 0x00, 0x00, 0x00, 0x00, 0x01, 0x00, 0x00, 0x00, 0x00 
17:08:49, October 20, 2018    MP(Read): 0xf0, 0x04, 0xf8, 0x00, 0x00, 0x00, 0x00, 0x00, 0x00, 0x00, 0x00, 0x03, 0x00, 0x00, 0x00, 0x00 
17:08:49, October 20, 2018    MP(Read): 0xf0, 0x04, 0xff, 0x00, 0x00, 0x00, 0x00, 0x00, 0x00, 0x00, 0x00, 0x03, 0x00, 0x00, 0x00, 0x00 
17:08:49, October 20, 2018    MP(Read): 0xf0, 0x04, 0xf8, 0x00, 0x00, 0x00, 0x00, 0x00, 0x00, 0x00, 0x00, 0x03, 0x00, 0x00, 0x00, 0x00 
17:08:49, October 20, 2018    MP(Read): 0xf0, 0x06, 0x00, 0x00, 0x00, 0x00, 0x00, 0x00, 0x00, 0x00, 0x00, 0x01, 0x00, 0x00, 0x00, 0x00 
17:08:49, October 20, 2018    MP(Read): 0xf0, 0x03, 0x00, 0x00, 0x00, 0x00, 0x00, 0x00, 0x00, 0x00, 0x00, 0x01, 0x00, 0x00, 0x00, 0x00 
17:08:49, October 20, 2018    MP(Read): 0xf0, 0x04, 0xf8, 0x00, 0x00, 0x00, 0x00, 0x00, 0x00, 0x00, 0x00, 0x03, 0x00, 0x00, 0x00, 0x00 
17:08:49, October 20, 2018    MP(Read): 0xf0, 0x04, 0xf8, 0x00, 0x00, 0x00, 0x00, 0x00, 0x00, 0x00, 0x00, 0x03, 0x00, 0x00, 0x00, 0x00 
17:08:49, October 20, 2018    MP(Read): 0xf0, 0x06, 0x00, 0x00, 0x00, 0x00, 0x00, 0x00, 0x00, 0x00, 0x00, 0x01, 0x00, 0x00, 0x00, 0x00 
17:08:49, October 20, 2018    MP(Read): 0xf0, 0x03, 0x00, 0x00, 0x00, 0x00, 0x00, 0x00, 0x00, 0x00, 0x00, 0x01, 0x00, 0x00, 0x00, 0x00 
17:08:49, October 20, 2018    MP(Read): 0xf0, 0x04, 0xf8, 0x00, 0x00, 0x00, 0x00, 0x00, 0x00, 0x00, 0x00, 0x03, 0x00, 0x00, 0x00, 0x00 
17:08:49, October 20, 2018    MP(Read): 0xf0, 0x01, 0x40, 0x07, 0x00, 0x01, 0x00, 0x30, 0x00, 0x32, 0x00, 0x02, 0x00, 0x00, 0x00, 0x00 
17:08:49, October 20, 2018    MP(Read): 0xf0, 0x04, 0xf8, 0x00, 0x00, 0x00, 0x00, 0x00, 0x00, 0x00, 0x00, 0x03, 0x00, 0x00, 0x00, 0x00 
17:08:49, October 20, 2018    MP(Read): 0xf0, 0x06, 0x00, 0x00, 0x00, 0x00, 0x00, 0x00, 0x00, 0x00, 0x00, 0x01, 0x00, 0x00, 0x00, 0x00 
17:08:49, October 20, 2018    MP(Read): 0xf0, 0x03, 0x00, 0x00, 0x00, 0x00, 0x00, 0x00, 0x00, 0x00, 0x00, 0x01, 0x00, 0x00, 0x00, 0x00 
17:08:49, October 20, 2018    MP(Read): 0xf0, 0x04, 0xf8, 0x00, 0x00, 0x00, 0x00, 0x00, 0x00, 0x00, 0x00, 0x03, 0x00, 0x00, 0x00, 0x00 
17:08:49, October 20, 2018    MP(Read): 0xf0, 0x01, 0x40, 0x07, 0x00, 0x01, 0x00, 0x30, 0x00, 0x32, 0x00, 0x02, 0x00, 0x00, 0x00, 0x00 
17:08:49, October 20, 2018    MP(WriteSectorC): SectorNumber = 2097152, BufferSize = 65536 
17:08:49, October 20, 2018    MP(ReadSectorC): SectorNumber = 2097152, BufferSize = 65536 
17:08:50, October 20, 2018    MP(WriteSectorC): SectorNumber = 2097264, BufferSize = 1452032 
17:08:51, October 20, 2018    MP(ReadSectorC): SectorNumber = 2097264, BufferSize = 1452032 
17:08:51, October 20, 2018    MP(WriteSectorC): SectorNumber = 2100100, BufferSize = 15325184 
17:08:56, October 20, 2018    MP(WriteSectorC): SectorNumber = 2130032, BufferSize = 8192 
17:08:56, October 20, 2018    MP(ReadSectorC): SectorNumber = 2130032, BufferSize = 8192 
17:12:16, October 20, 2018    MP(Write): 0xf1, 0x0a, 0xd0, 0x00, 0x00, 0x00, 0x00, 0x00, 0x00, 0x00, 0x00, 0x04, 0x00, 0x00, 0x00, 0x00 
17:12:26, October 20, 2018    MP(Read): 0x0, 0x00, 0x00, 0x00, 0x00, 0x00, 0x00, 0x00, 0x00, 0x00, 0x00, 0x00, 0x00, 0x00, 0x00, 0x00 
17:12:26, October 20, 2018    MP(Read): 0xf0, 0x06, 0x00, 0x00, 0x00, 0x00, 0x00, 0x00, 0x00, 0x00, 0x00, 0x01, 0x00, 0x00, 0x00, 0x00 
17:12:26, October 20, 2018    MP(Read): 0xf0, 0x03, 0x00, 0x00, 0x00, 0x00, 0x00, 0x00, 0x00, 0x00, 0x00, 0x01, 0x00, 0x00, 0x00, 0x00 
17:12:26, October 20, 2018    MP(Read): 0xf0, 0x04, 0xf8, 0x00, 0x00, 0x00, 0x00, 0x00, 0x00, 0x00, 0x00, 0x03, 0x00, 0x00, 0x00, 0x00 
17:12:26, October 20, 2018    MP(Read): 0xf0, 0x06, 0x00, 0x00, 0x00, 0x00, 0x00, 0x00, 0x00, 0x00, 0x00, 0x01, 0x00, 0x00, 0x00, 0x00 
17:12:26, October 20, 2018    MP(Read): 0xf0, 0x03, 0x00, 0x00, 0x00, 0x00, 0x00, 0x00, 0x00, 0x00, 0x00, 0x01, 0x00, 0x00, 0x00, 0x00 
17:12:26, October 20, 2018    MP(Read): 0xf0, 0x04, 0xf8, 0x00, 0x00, 0x00, 0x00, 0x00, 0x00, 0x00, 0x00, 0x03, 0x00, 0x00, 0x00, 0x00 
17:12:27, October 20, 2018    MP(Read): 0xf0, 0x04, 0xf8, 0x00, 0x00, 0x00, 0x00, 0x00, 0x00, 0x00, 0x00, 0x03, 0x00, 0x00, 0x00, 0x00 
17:12:27, October 20, 2018    MP(Read): 0xf0, 0x06, 0x00, 0x00, 0x00, 0x00, 0x00, 0x00, 0x00, 0x00, 0x00, 0x01, 0x00, 0x00, 0x00, 0x00 
17:12:27, October 20, 2018    MP(Read): 0xf0, 0x03, 0x00, 0x00, 0x00, 0x00, 0x00, 0x00, 0x00, 0x00, 0x00, 0x01, 0x00, 0x00, 0x00, 0x00 
17:12:27, October 20, 2018    MP(Read): 0xf0, 0x04, 0xf8, 0x00, 0x00, 0x00, 0x00, 0x00, 0x00, 0x00, 0x00, 0x03, 0x00, 0x00, 0x00, 0x00 
17:12:27, October 20, 2018    MP(Read): 0xf0, 0x01, 0x40, 0x07, 0x00, 0x01, 0x00, 0x30, 0x00, 0x32, 0x00, 0x02, 0x00, 0x00, 0x00, 0x00 
17:12:27, October 20, 2018    MP(Read): 0xf0, 0x01, 0x40, 0x07, 0x00, 0x01, 0x00, 0x30, 0x00, 0x32, 0x00, 0x02, 0x00, 0x00, 0x00, 0x00 
17:12:27, October 20, 2018    MP(Read): 0xf0, 0x01, 0x40, 0x04, 0x00, 0x01, 0x00, 0x30, 0x00, 0x32, 0x00, 0x02, 0x00, 0x00, 0x00, 0x00 
17:12:27, October 20, 2018    MP(Read): 0xf0, 0x01, 0x40, 0x04, 0x00, 0x01, 0x00, 0x30, 0x00, 0x32, 0x00, 0x02, 0x00, 0x00, 0x00, 0x00 
17:12:27, October 20, 2018    MP(Read): 0xf0, 0x04, 0xf8, 0x00, 0x00, 0x00, 0x00, 0x00, 0x00, 0x00, 0x00, 0x03, 0x00, 0x00, 0x00, 0x00 
17:12:27, October 20, 2018    MP(Read): 0xf0, 0x06, 0x00, 0x00, 0x00, 0x00, 0x00, 0x00, 0x00, 0x00, 0x00, 0x01, 0x00, 0x00, 0x00, 0x00 
17:12:27, October 20, 2018    MP(Read): 0xf0, 0x03, 0x00, 0x00, 0x00, 0x00, 0x00, 0x00, 0x00, 0x00, 0x00, 0x01, 0x00, 0x00, 0x00, 0x00 
17:12:27, October 20, 2018    MP(Read): 0xf0, 0x04, 0xf8, 0x00, 0x00, 0x00, 0x00, 0x00, 0x00, 0x00, 0x00, 0x03, 0x00, 0x00, 0x00, 0x00 
17:12:27, October 20, 2018    MP(Read): 0xf0, 0x04, 0xff, 0x00, 0x00, 0x00, 0x00, 0x00, 0x00, 0x00, 0x00, 0x03, 0x00, 0x00, 0x00, 0x00 
17:12:27, October 20, 2018    MP(Read): 0xf0, 0x04, 0xf8, 0x00, 0x00, 0x00, 0x00, 0x00, 0x00, 0x00, 0x00, 0x03, 0x00, 0x00, 0x00, 0x00 
17:12:27, October 20, 2018    MP(Read): 0xf0, 0x04, 0xf8, 0x00, 0x00, 0x00, 0x00, 0x00, 0x00, 0x00, 0x00, 0x03, 0x00, 0x00, 0x00, 0x00 
17:12:27, October 20, 2018    MP(Read): 0xf0, 0x06, 0x00, 0x00, 0x00, 0x00, 0x00, 0x00, 0x00, 0x00, 0x00, 0x01, 0x00, 0x00, 0x00, 0x00 
17:12:27, October 20, 2018    MP(Read): 0xf0, 0x03, 0x00, 0x00, 0x00, 0x00, 0x00, 0x00, 0x00, 0x00, 0x00, 0x01, 0x00, 0x00, 0x00, 0x00 
17:12:27, October 20, 2018    MP(Read): 0xf0, 0x04, 0xf8, 0x00, 0x00, 0x00, 0x00, 0x00, 0x00, 0x00, 0x00, 0x03, 0x00, 0x00, 0x00, 0x00 
17:12:27, October 20, 2018    MP(Read): 0xf0, 0x04, 0xf8, 0x00, 0x00, 0x00, 0x00, 0x00, 0x00, 0x00, 0x00, 0x03, 0x00, 0x00, 0x00, 0x00 
17:12:27, October 20, 2018    MP(Read): 0xf0, 0x03, 0x00, 0x00, 0x00, 0x00, 0x00, 0x00, 0x00, 0x00, 0x00, 0x01, 0x00, 0x00, 0x00, 0x00 
17:12:27, October 20, 2018    MP(Read): 0xf0, 0x04, 0xfa, 0x00, 0x00, 0x00, 0x00, 0x00, 0x00, 0x00, 0x00, 0x03, 0x00, 0x00, 0x00, 0x00 
17:12:27, October 20, 2018    MP(Read): 0xf0, 0x01, 0x40, 0x08, 0x00, 0x0a, 0x00, 0x30, 0x00, 0x32, 0x00, 0x03, 0x00, 0x00, 0x00, 0x00 
17:12:27, October 20, 2018    MP(Read): 0xf0, 0x06, 0x00, 0x00, 0x00, 0x00, 0x00, 0x00, 0x00, 0x00, 0x00, 0x01, 0x00, 0x00, 0x00, 0x00 
17:12:27, October 20, 2018    MP(Read): 0xf0, 0x03, 0x00, 0x00, 0x00, 0x00, 0x00, 0x00, 0x00, 0x00, 0x00, 0x01, 0x00, 0x00, 0x00, 0x00 
17:12:27, October 20, 2018    MP(Read): 0xf0, 0x04, 0xf8, 0x00, 0x00, 0x00, 0x00, 0x00, 0x00, 0x00, 0x00, 0x03, 0x00, 0x00, 0x00, 0x00 
17:12:27, October 20, 2018    MP(Read): 0xf0, 0x04, 0xff, 0x00, 0x00, 0x00, 0x00, 0x00, 0x00, 0x00, 0x00, 0x03, 0x00, 0x00, 0x00, 0x00 
17:12:27, October 20, 2018    MP(Read): 0xf0, 0x04, 0xf8, 0x00, 0x00, 0x00, 0x00, 0x00, 0x00, 0x00, 0x00, 0x03, 0x00, 0x00, 0x00, 0x00 
17:12:28, October 20, 2018    MP(Read): 0xf0, 0x06, 0x00, 0x00, 0x00, 0x00, 0x00, 0x00, 0x00, 0x00, 0x00, 0x01, 0x00, 0x00, 0x00, 0x00 
17:12:28, October 20, 2018    MP(Read): 0xf0, 0x06, 0x00, 0x00, 0x00, 0x00, 0x00, 0x00, 0x00, 0x00, 0x00, 0x01, 0x00, 0x00, 0x00, 0x00 
17:12:28, October 20, 2018    MP(Read): 0xf0, 0x03, 0x00, 0x00, 0x00, 0x00, 0x00, 0x00, 0x00, 0x00, 0x00, 0x01, 0x00, 0x00, 0x00, 0x00 
17:12:28, October 20, 2018    MP(Read): 0xf0, 0x04, 0xf8, 0x00, 0x00, 0x00, 0x00, 0x00, 0x00, 0x00, 0x00, 0x03, 0x00, 0x00, 0x00, 0x00 
17:12:28, October 20, 2018    MP(Read): 0xf0, 0x04, 0xff, 0x00, 0x00, 0x00, 0x00, 0x00, 0x00, 0x00, 0x00, 0x03, 0x00, 0x00, 0x00, 0x00 
17:12:28, October 20, 2018    MP(Read): 0xf0, 0x04, 0xf8, 0x00, 0x00, 0x00, 0x00, 0x00, 0x00, 0x00, 0x00, 0x03, 0x00, 0x00, 0x00, 0x00 
17:12:28, October 20, 2018    MP(Read): 0xf0, 0x04, 0xf8, 0x00, 0x00, 0x00, 0x00, 0x00, 0x00, 0x00, 0x00, 0x03, 0x00, 0x00, 0x00, 0x00 
17:12:28, October 20, 2018    MP(Read): 0xf0, 0x06, 0x00, 0x00, 0x00, 0x00, 0x00, 0x00, 0x00, 0x00, 0x00, 0x01, 0x00, 0x00, 0x00, 0x00 
17:12:28, October 20, 2018    MP(Read): 0xf0, 0x03, 0x00, 0x00, 0x00, 0x00, 0x00, 0x00, 0x00, 0x00, 0x00, 0x01, 0x00, 0x00, 0x00, 0x00 
17:12:28, October 20, 2018    MP(Read): 0xf0, 0x04, 0xf8, 0x00, 0x00, 0x00, 0x00, 0x00, 0x00, 0x00, 0x00, 0x03, 0x00, 0x00, 0x00, 0x00 
17:12:28, October 20, 2018    MP(Read): 0xf0, 0x04, 0xf8, 0x00, 0x00, 0x00, 0x00, 0x00, 0x00, 0x00, 0x00, 0x03, 0x00, 0x00, 0x00, 0x00 
17:12:28, October 20, 2018    MP(Read): 0xf0, 0x03, 0x00, 0x00, 0x00, 0x00, 0x00, 0x00, 0x00, 0x00, 0x00, 0x01, 0x00, 0x00, 0x00, 0x00 
17:12:28, October 20, 2018    MP(Read): 0xf0, 0x04, 0xfa, 0x00, 0x00, 0x00, 0x00, 0x00, 0x00, 0x00, 0x00, 0x03, 0x00, 0x00, 0x00, 0x00 
17:12:28, October 20, 2018    MP(Read): 0xf0, 0x01, 0x40, 0x08, 0x00, 0x0a, 0x00, 0x30, 0x00, 0x32, 0x00, 0x03, 0x00, 0x00, 0x00, 0x00 
17:12:28, October 20, 2018    MP(Read): 0xf0, 0x06, 0x00, 0x00, 0x00, 0x00, 0x00, 0x00, 0x00, 0x00, 0x00, 0x01, 0x00, 0x00, 0x00, 0x00 
17:12:28, October 20, 2018    MP(Read): 0xf0, 0x03, 0x00, 0x00, 0x00, 0x00, 0x00, 0x00, 0x00, 0x00, 0x00, 0x01, 0x00, 0x00, 0x00, 0x00 
17:12:28, October 20, 2018    MP(Read): 0xf0, 0x04, 0xf8, 0x00, 0x00, 0x00, 0x00, 0x00, 0x00, 0x00, 0x00, 0x03, 0x00, 0x00, 0x00, 0x00 
17:12:28, October 20, 2018    MP(Read): 0xf0, 0x04, 0xff, 0x00, 0x00, 0x00, 0x00, 0x00, 0x00, 0x00, 0x00, 0x03, 0x00, 0x00, 0x00, 0x00 
17:12:28, October 20, 2018    MP(Read): 0xf0, 0x04, 0xf8, 0x00, 0x00, 0x00, 0x00, 0x00, 0x00, 0x00, 0x00, 0x03, 0x00, 0x00, 0x00, 0x00 
17:12:28, October 20, 2018    MP(Read): 0xf0, 0x04, 0xf8, 0x00, 0x00, 0x00, 0x00, 0x00, 0x00, 0x00, 0x00, 0x03, 0x00, 0x00, 0x00, 0x00 
17:12:28, October 20, 2018    MP(Read): 0xf0, 0x04, 0xff, 0x00, 0x00, 0x00, 0x00, 0x00, 0x00, 0x00, 0x00, 0x03, 0x00, 0x00, 0x00, 0x00 
17:12:28, October 20, 2018    MP(Read): 0xf0, 0x06, 0x00, 0x00, 0x00, 0x00, 0x00, 0x00, 0x00, 0x00, 0x00, 0x01, 0x00, 0x00, 0x00, 0x00 
17:12:28, October 20, 2018    MP(Read): 0xf0, 0x03, 0x00, 0x00, 0x00, 0x00, 0x00, 0x00, 0x00, 0x00, 0x00, 0x01, 0x00, 0x00, 0x00, 0x00 
17:12:28, October 20, 2018    MP(Read): 0xf0, 0x04, 0xf8, 0x00, 0x00, 0x00, 0x00, 0x00, 0x00, 0x00, 0x00, 0x03, 0x00, 0x00, 0x00, 0x00 
17:12:28, October 20, 2018    MP(Read): 0xf0, 0x04, 0xf8, 0x00, 0x00, 0x00, 0x00, 0x00, 0x00, 0x00, 0x00, 0x03, 0x00, 0x00, 0x00, 0x00 
17:12:28, October 20, 2018    MP(Read): 0xf0, 0x06, 0x00, 0x00, 0x00, 0x00, 0x00, 0x00, 0x00, 0x00, 0x00, 0x01, 0x00, 0x00, 0x00, 0x00 
17:12:28, October 20, 2018    MP(Read): 0xf0, 0x03, 0x00, 0x00, 0x00, 0x00, 0x00, 0x00, 0x00, 0x00, 0x00, 0x01, 0x00, 0x00, 0x00, 0x00 
17:12:28, October 20, 2018    MP(Read): 0xf0, 0x04, 0xf8, 0x00, 0x00, 0x00, 0x00, 0x00, 0x00, 0x00, 0x00, 0x03, 0x00, 0x00, 0x00, 0x00 
17:12:28, October 20, 2018    MP(Read): 0xf0, 0x01, 0x40, 0x07, 0x00, 0x01, 0x00, 0x30, 0x00, 0x32, 0x00, 0x02, 0x00, 0x00, 0x00, 0x00 
17:12:28, October 20, 2018    MP(Read): 0xf0, 0x01, 0x40, 0x07, 0x00, 0x01, 0x00, 0x30, 0x00, 0x32, 0x00, 0x02, 0x00, 0x00, 0x00, 0x00 
17:12:28, October 20, 2018    MP(Read): 0xf0, 0x01, 0x40, 0x04, 0x00, 0x01, 0x00, 0x30, 0x00, 0x32, 0x00, 0x02, 0x00, 0x00, 0x00, 0x00 
17:12:28, October 20, 2018    MP(Read): 0xf0, 0x01, 0x40, 0x04, 0x00, 0x01, 0x00, 0x30, 0x00, 0x32, 0x00, 0x02, 0x00, 0x00, 0x00, 0x00 
17:12:28, October 20, 2018    MP(Read): 0xf0, 0x04, 0xf8, 0x00, 0x00, 0x00, 0x00, 0x00, 0x00, 0x00, 0x00, 0x03, 0x00, 0x00, 0x00, 0x00 
17:12:28, October 20, 2018    MP(Read): 0xf0, 0x06, 0x00, 0x00, 0x00, 0x00, 0x00, 0x00, 0x00, 0x00, 0x00, 0x01, 0x00, 0x00, 0x00, 0x00 
17:12:28, October 20, 2018    MP(Read): 0xf0, 0x03, 0x00, 0x00, 0x00, 0x00, 0x00, 0x00, 0x00, 0x00, 0x00, 0x01, 0x00, 0x00, 0x00, 0x00 
17:12:28, October 20, 2018    MP(Read): 0xf0, 0x04, 0xf8, 0x00, 0x00, 0x00, 0x00, 0x00, 0x00, 0x00, 0x00, 0x03, 0x00, 0x00, 0x00, 0x00 
17:12:28, October 20, 2018    MP(Read): 0xf0, 0x01, 0x40, 0x07, 0x00, 0x01, 0x00, 0x30, 0x00, 0x32, 0x00, 0x02, 0x00, 0x00, 0x00, 0x00 
17:12:28, October 20, 2018    MP(Read): 0xf0, 0x01, 0x40, 0x07, 0x00, 0x01, 0x00, 0x30, 0x00, 0x32, 0x00, 0x02, 0x00, 0x00, 0x00, 0x00 
17:12:28, October 20, 2018    MP(Read): 0xf0, 0x01, 0x40, 0x04, 0x00, 0x01, 0x00, 0x30, 0x00, 0x32, 0x00, 0x02, 0x00, 0x00, 0x00, 0x00 
17:12:28, October 20, 2018    MP(Read): 0xf0, 0x01, 0x40, 0x04, 0x00, 0x01, 0x00, 0x30, 0x00, 0x32, 0x00, 0x02, 0x00, 0x00, 0x00, 0x00 
17:12:28, October 20, 2018    MP(Read): 0xf0, 0x04, 0xf8, 0x00, 0x00, 0x00, 0x00, 0x00, 0x00, 0x00, 0x00, 0x03, 0x00, 0x00, 0x00, 0x00 
